2022-05-03 16:38:33.449  INFO 15492 --- [restartedMain] com.bookList.BookListApplication         : Starting BookListApplication using Java 17.0.2 on MSI with PID 15492 (D:\java code\booklist\target\classes started by user in D:\java code\booklist)
2022-05-03 16:38:33.459 DEBUG 15492 --- [restartedMain] com.bookList.BookListApplication         : Running with Spring Boot v2.6.6, Spring v5.3.18
2022-05-03 16:38:33.460  INFO 15492 --- [restartedMain] com.bookList.BookListApplication         : No active profile set, falling back to 1 default profile: "default"
2022-05-03 16:38:33.776  INFO 15492 --- [restartedMain] .e.DevToolsPropertyDefaultsPostProcessor : Devtools property defaults active! Set 'spring.devtools.add-properties' to 'false' to disable
2022-05-03 16:38:33.777  INFO 15492 --- [restartedMain] .e.DevToolsPropertyDefaultsPostProcessor : For additional web related logging consider setting the 'logging.level.web' property to 'DEBUG'
2022-05-03 16:38:36.651  INFO 15492 --- [restartedMain] o.s.b.w.embedded.tomcat.TomcatWebServer  : Tomcat initialized with port(s): 8080 (http)
2022-05-03 16:38:36.664  INFO 15492 --- [restartedMain] o.a.catalina.core.AprLifecycleListener   : Loaded Apache Tomcat Native library [1.2.31] using APR version [1.7.0].
2022-05-03 16:38:36.665  INFO 15492 --- [restartedMain] o.a.catalina.core.AprLifecycleListener   : APR capabilities: IPv6 [true], sendfile [true], accept filters [false], random [true], UDS [true].
2022-05-03 16:38:36.665  INFO 15492 --- [restartedMain] o.a.catalina.core.AprLifecycleListener   : APR/OpenSSL configuration: useAprConnector [false], useOpenSSL [true]
2022-05-03 16:38:36.713  INFO 15492 --- [restartedMain] o.a.catalina.core.AprLifecycleListener   : OpenSSL successfully initialized [OpenSSL 1.1.1l  24 Aug 2021]
2022-05-03 16:38:36.743  INFO 15492 --- [restartedMain] o.apache.catalina.core.StandardService   : Starting service [Tomcat]
2022-05-03 16:38:36.744  INFO 15492 --- [restartedMain] org.apache.catalina.core.StandardEngine  : Starting Servlet engine: [Apache Tomcat/9.0.60]
2022-05-03 16:38:36.913  INFO 15492 --- [restartedMain] o.a.c.c.C.[Tomcat].[localhost].[/]       : Initializing Spring embedded WebApplicationContext
2022-05-03 16:38:36.914  INFO 15492 --- [restartedMain] w.s.c.ServletWebServerApplicationContext : Root WebApplicationContext: initialization completed in 3136 ms
2022-05-03 16:38:38.775  INFO 15492 --- [restartedMain] o.s.b.a.w.s.WelcomePageHandlerMapping    : Adding welcome page template: index
2022-05-03 16:38:39.432  INFO 15492 --- [restartedMain] o.s.b.d.a.OptionalLiveReloadServer       : LiveReload server is running on port 35729
2022-05-03 16:38:39.542  INFO 15492 --- [restartedMain] o.s.b.w.embedded.tomcat.TomcatWebServer  : Tomcat started on port(s): 8080 (http) with context path ''
2022-05-03 16:38:39.568  INFO 15492 --- [restartedMain] com.bookList.BookListApplication         : Started BookListApplication in 7.431 seconds (JVM running for 8.92)
2022-05-03 16:38:41.386  INFO 15492 --- [http-nio-8080-exec-1] o.a.c.c.C.[Tomcat].[localhost].[/]       : Initializing Spring DispatcherServlet 'dispatcherServlet'
2022-05-03 16:38:41.386  INFO 15492 --- [http-nio-8080-exec-1] o.s.web.servlet.DispatcherServlet        : Initializing Servlet 'dispatcherServlet'
2022-05-03 16:38:41.387  INFO 15492 --- [http-nio-8080-exec-1] o.s.web.servlet.DispatcherServlet        : Completed initialization in 1 ms
2022-05-03 16:38:41.593  INFO 15492 --- [http-nio-8080-exec-1] com.zaxxer.hikari.HikariDataSource       : HikariPool-1 - Starting...
2022-05-03 16:38:42.652  INFO 15492 --- [http-nio-8080-exec-1] com.zaxxer.hikari.HikariDataSource       : HikariPool-1 - Start completed.
2022-05-03 16:38:42.682 DEBUG 15492 --- [http-nio-8080-exec-1] c.b.dao.BookDao.listBookByName_COUNT     : ==>  Preparing: SELECT count(0) FROM book.book
2022-05-03 16:38:42.766 DEBUG 15492 --- [http-nio-8080-exec-1] c.b.dao.BookDao.listBookByName_COUNT     : ==> Parameters: 
2022-05-03 16:38:42.886 DEBUG 15492 --- [http-nio-8080-exec-1] c.b.dao.BookDao.listBookByName_COUNT     : <==      Total: 1
2022-05-03 16:38:42.897 DEBUG 15492 --- [http-nio-8080-exec-1] com.bookList.dao.BookDao.listBookByName  : ==>  Preparing: select * from book.book LIMIT ?
2022-05-03 16:38:42.898 DEBUG 15492 --- [http-nio-8080-exec-1] com.bookList.dao.BookDao.listBookByName  : ==> Parameters: 10(Integer)
2022-05-03 16:38:42.910 DEBUG 15492 --- [http-nio-8080-exec-1] com.bookList.dao.BookDao.listBookByName  : <==      Total: 10
2022-05-03 16:38:48.720 DEBUG 15492 --- [http-nio-8080-exec-3] c.b.dao.BookDao.listBookByName_COUNT     : ==>  Preparing: SELECT count(0) FROM book.book
2022-05-03 16:38:48.720 DEBUG 15492 --- [http-nio-8080-exec-3] c.b.dao.BookDao.listBookByName_COUNT     : ==> Parameters: 
2022-05-03 16:38:48.724 DEBUG 15492 --- [http-nio-8080-exec-3] c.b.dao.BookDao.listBookByName_COUNT     : <==      Total: 1
2022-05-03 16:38:48.724 DEBUG 15492 --- [http-nio-8080-exec-3] com.bookList.dao.BookDao.listBookByName  : ==>  Preparing: select * from book.book LIMIT ?, ?
2022-05-03 16:38:48.725 DEBUG 15492 --- [http-nio-8080-exec-3] com.bookList.dao.BookDao.listBookByName  : ==> Parameters: 10(Long), 10(Integer)
2022-05-03 16:38:48.730 DEBUG 15492 --- [http-nio-8080-exec-3] com.bookList.dao.BookDao.listBookByName  : <==      Total: 8
2022-05-03 16:38:54.256  INFO 15492 --- [SpringApplicationShutdownHook] com.zaxxer.hikari.HikariDataSource       : HikariPool-1 - Shutdown initiated...
2022-05-03 16:38:54.283  INFO 15492 --- [SpringApplicationShutdownHook] com.zaxxer.hikari.HikariDataSource       : HikariPool-1 - Shutdown completed.
2022-05-03 20:33:53.853  INFO 12284 --- [restartedMain] com.bookList.BookListApplication         : Starting BookListApplication using Java 17.0.2 on MSI with PID 12284 (D:\java code\booklist\target\classes started by user in D:\java code\booklist)
2022-05-03 20:33:53.870 DEBUG 12284 --- [restartedMain] com.bookList.BookListApplication         : Running with Spring Boot v2.6.6, Spring v5.3.18
2022-05-03 20:33:53.870  INFO 12284 --- [restartedMain] com.bookList.BookListApplication         : No active profile set, falling back to 1 default profile: "default"
2022-05-03 20:33:54.306  INFO 12284 --- [restartedMain] .e.DevToolsPropertyDefaultsPostProcessor : Devtools property defaults active! Set 'spring.devtools.add-properties' to 'false' to disable
2022-05-03 20:33:54.307  INFO 12284 --- [restartedMain] .e.DevToolsPropertyDefaultsPostProcessor : For additional web related logging consider setting the 'logging.level.web' property to 'DEBUG'
2022-05-03 20:33:58.082  INFO 12284 --- [restartedMain] o.s.b.w.embedded.tomcat.TomcatWebServer  : Tomcat initialized with port(s): 8080 (http)
2022-05-03 20:33:58.084  INFO 12284 --- [restartedMain] o.a.catalina.core.AprLifecycleListener   : Loaded Apache Tomcat Native library [1.2.31] using APR version [1.7.0].
2022-05-03 20:33:58.085  INFO 12284 --- [restartedMain] o.a.catalina.core.AprLifecycleListener   : APR capabilities: IPv6 [true], sendfile [true], accept filters [false], random [true], UDS [true].
2022-05-03 20:33:58.086  INFO 12284 --- [restartedMain] o.a.catalina.core.AprLifecycleListener   : APR/OpenSSL configuration: useAprConnector [false], useOpenSSL [true]
2022-05-03 20:33:58.136  INFO 12284 --- [restartedMain] o.a.catalina.core.AprLifecycleListener   : OpenSSL successfully initialized [OpenSSL 1.1.1l  24 Aug 2021]
2022-05-03 20:33:58.201  INFO 12284 --- [restartedMain] o.apache.catalina.core.StandardService   : Starting service [Tomcat]
2022-05-03 20:33:58.202  INFO 12284 --- [restartedMain] org.apache.catalina.core.StandardEngine  : Starting Servlet engine: [Apache Tomcat/9.0.60]
2022-05-03 20:33:58.476  INFO 12284 --- [restartedMain] o.a.c.c.C.[Tomcat].[localhost].[/]       : Initializing Spring embedded WebApplicationContext
2022-05-03 20:33:58.477  INFO 12284 --- [restartedMain] w.s.c.ServletWebServerApplicationContext : Root WebApplicationContext: initialization completed in 4169 ms
2022-05-03 20:33:59.970  INFO 12284 --- [restartedMain] o.s.b.a.w.s.WelcomePageHandlerMapping    : Adding welcome page template: index
2022-05-03 20:34:00.390  INFO 12284 --- [restartedMain] o.s.b.d.a.OptionalLiveReloadServer       : LiveReload server is running on port 35729
2022-05-03 20:34:00.489  INFO 12284 --- [restartedMain] o.s.b.w.embedded.tomcat.TomcatWebServer  : Tomcat started on port(s): 8080 (http) with context path ''
2022-05-03 20:34:00.507  INFO 12284 --- [restartedMain] com.bookList.BookListApplication         : Started BookListApplication in 8.114 seconds (JVM running for 10.422)
2022-05-03 20:34:16.792  INFO 12284 --- [http-nio-8080-exec-1] o.a.c.c.C.[Tomcat].[localhost].[/]       : Initializing Spring DispatcherServlet 'dispatcherServlet'
2022-05-03 20:34:16.792  INFO 12284 --- [http-nio-8080-exec-1] o.s.web.servlet.DispatcherServlet        : Initializing Servlet 'dispatcherServlet'
2022-05-03 20:34:16.793  INFO 12284 --- [http-nio-8080-exec-1] o.s.web.servlet.DispatcherServlet        : Completed initialization in 1 ms
2022-05-03 20:34:17.089  INFO 12284 --- [http-nio-8080-exec-1] com.zaxxer.hikari.HikariDataSource       : HikariPool-1 - Starting...
2022-05-03 20:34:18.200  INFO 12284 --- [http-nio-8080-exec-1] com.zaxxer.hikari.HikariDataSource       : HikariPool-1 - Start completed.
2022-05-03 20:34:18.245 DEBUG 12284 --- [http-nio-8080-exec-1] c.b.dao.BookDao.listBookByName_COUNT     : ==>  Preparing: SELECT count(0) FROM book.book
2022-05-03 20:34:18.325 DEBUG 12284 --- [http-nio-8080-exec-1] c.b.dao.BookDao.listBookByName_COUNT     : ==> Parameters: 
2022-05-03 20:34:18.434 DEBUG 12284 --- [http-nio-8080-exec-1] c.b.dao.BookDao.listBookByName_COUNT     : <==      Total: 1
2022-05-03 20:34:18.445 DEBUG 12284 --- [http-nio-8080-exec-1] com.bookList.dao.BookDao.listBookByName  : ==>  Preparing: select * from book.book LIMIT ?
2022-05-03 20:34:18.446 DEBUG 12284 --- [http-nio-8080-exec-1] com.bookList.dao.BookDao.listBookByName  : ==> Parameters: 10(Integer)
2022-05-03 20:34:18.455 DEBUG 12284 --- [http-nio-8080-exec-1] com.bookList.dao.BookDao.listBookByName  : <==      Total: 10
2022-05-03 20:37:32.698 DEBUG 12284 --- [http-nio-8080-exec-4] c.b.dao.BookDao.listBookByName_COUNT     : ==>  Preparing: SELECT count(0) FROM book.book WHERE `name` LIKE concat('%', ?, '%')
2022-05-03 20:37:32.699 DEBUG 12284 --- [http-nio-8080-exec-4] c.b.dao.BookDao.listBookByName_COUNT     : ==> Parameters: FAMILY (String)
2022-05-03 20:37:32.714 DEBUG 12284 --- [http-nio-8080-exec-4] c.b.dao.BookDao.listBookByName_COUNT     : <==      Total: 1
2022-05-03 20:37:32.715 DEBUG 12284 --- [http-nio-8080-exec-4] com.bookList.dao.BookDao.listBookByName  : ==>  Preparing: select * from book.book WHERE `name` like concat('%',?,'%') LIMIT ?
2022-05-03 20:37:32.715 DEBUG 12284 --- [http-nio-8080-exec-4] com.bookList.dao.BookDao.listBookByName  : ==> Parameters: FAMILY (String), 10(Integer)
2022-05-03 20:37:32.720 DEBUG 12284 --- [http-nio-8080-exec-4] com.bookList.dao.BookDao.listBookByName  : <==      Total: 7
2022-05-03 20:39:58.342 DEBUG 12284 --- [http-nio-8080-exec-7] c.b.dao.BookDao.listBookByName_COUNT     : ==>  Preparing: SELECT count(0) FROM book.book WHERE `name` LIKE concat('%', ?, '%')
2022-05-03 20:39:58.343 DEBUG 12284 --- [http-nio-8080-exec-7] c.b.dao.BookDao.listBookByName_COUNT     : ==> Parameters: FAMILY(String)
2022-05-03 20:39:58.347 DEBUG 12284 --- [http-nio-8080-exec-7] c.b.dao.BookDao.listBookByName_COUNT     : <==      Total: 1
2022-05-03 20:39:58.348 DEBUG 12284 --- [http-nio-8080-exec-7] com.bookList.dao.BookDao.listBookByName  : ==>  Preparing: select * from book.book WHERE `name` like concat('%',?,'%') LIMIT ?
2022-05-03 20:39:58.349 DEBUG 12284 --- [http-nio-8080-exec-7] com.bookList.dao.BookDao.listBookByName  : ==> Parameters: FAMILY(String), 10(Integer)
2022-05-03 20:39:58.352 DEBUG 12284 --- [http-nio-8080-exec-7] com.bookList.dao.BookDao.listBookByName  : <==      Total: 7
2022-05-03 20:40:01.870 DEBUG 12284 --- [http-nio-8080-exec-8] c.b.dao.BookDao.listBookByName_COUNT     : ==>  Preparing: SELECT count(0) FROM book.book
2022-05-03 20:40:01.871 DEBUG 12284 --- [http-nio-8080-exec-8] c.b.dao.BookDao.listBookByName_COUNT     : ==> Parameters: 
2022-05-03 20:40:01.877 DEBUG 12284 --- [http-nio-8080-exec-8] c.b.dao.BookDao.listBookByName_COUNT     : <==      Total: 1
2022-05-03 20:40:01.878 DEBUG 12284 --- [http-nio-8080-exec-8] com.bookList.dao.BookDao.listBookByName  : ==>  Preparing: select * from book.book LIMIT ?
2022-05-03 20:40:01.878 DEBUG 12284 --- [http-nio-8080-exec-8] com.bookList.dao.BookDao.listBookByName  : ==> Parameters: 10(Integer)
2022-05-03 20:40:01.881 DEBUG 12284 --- [http-nio-8080-exec-8] com.bookList.dao.BookDao.listBookByName  : <==      Total: 10
2022-05-03 20:40:13.714 DEBUG 12284 --- [http-nio-8080-exec-9] com.bookList.dao.BookDao.findBookById    : ==>  Preparing: select * from book.book where id=?
2022-05-03 20:40:13.715 DEBUG 12284 --- [http-nio-8080-exec-9] com.bookList.dao.BookDao.findBookById    : ==> Parameters: 1(Integer)
2022-05-03 20:40:13.722 DEBUG 12284 --- [http-nio-8080-exec-9] com.bookList.dao.BookDao.findBookById    : <==      Total: 1
2022-05-03 20:40:18.227 DEBUG 12284 --- [http-nio-8080-exec-10] com.bookList.dao.BookDao.findBookById    : ==>  Preparing: select * from book.book where id=?
2022-05-03 20:40:18.228 DEBUG 12284 --- [http-nio-8080-exec-10] com.bookList.dao.BookDao.findBookById    : ==> Parameters: 1(Integer)
2022-05-03 20:40:18.230 DEBUG 12284 --- [http-nio-8080-exec-10] com.bookList.dao.BookDao.findBookById    : <==      Total: 1
2022-05-03 20:40:30.815 DEBUG 12284 --- [http-nio-8080-exec-1] com.bookList.dao.BookDao.updateBook      : ==>  Preparing: update book.book set author=?,description=?, name=?, status=? where id=?
2022-05-03 20:40:30.817 DEBUG 12284 --- [http-nio-8080-exec-1] com.bookList.dao.BookDao.updateBook      : ==> Parameters: 詹姆斯‧克利爾(String), 每天都進步1%，一年後，你會進步37倍； 　　每天都退步1%，一年後，你會弱化到趨近於0！ 　　你的一點小改變、一個好習慣，將會產生複利效應， 　　如滾雪球般，為你帶來豐碩的人生成果！(String), 原子習慣：細微改變帶來巨大成就的實證法則(String), 1(Integer), 1(Integer)
2022-05-03 20:40:30.845 DEBUG 12284 --- [http-nio-8080-exec-1] com.bookList.dao.BookDao.updateBook      : <==    Updates: 1
2022-05-03 20:40:30.990 ERROR 12284 --- [http-nio-8080-exec-2] org.thymeleaf.TemplateEngine             : [THYMELEAF][http-nio-8080-exec-2] Exception processing template "index": An error happened during template parsing (template: "class path resource [templates/index.html]")

org.thymeleaf.exceptions.TemplateInputException: An error happened during template parsing (template: "class path resource [templates/index.html]")
	at org.thymeleaf.templateparser.markup.AbstractMarkupTemplateParser.parse(AbstractMarkupTemplateParser.java:241) ~[thymeleaf-3.0.15.RELEASE.jar:3.0.15.RELEASE]
	at org.thymeleaf.templateparser.markup.AbstractMarkupTemplateParser.parseStandalone(AbstractMarkupTemplateParser.java:100) ~[thymeleaf-3.0.15.RELEASE.jar:3.0.15.RELEASE]
	at org.thymeleaf.engine.TemplateManager.parseAndProcess(TemplateManager.java:666) ~[thymeleaf-3.0.15.RELEASE.jar:3.0.15.RELEASE]
	at org.thymeleaf.TemplateEngine.process(TemplateEngine.java:1098) ~[thymeleaf-3.0.15.RELEASE.jar:3.0.15.RELEASE]
	at org.thymeleaf.TemplateEngine.process(TemplateEngine.java:1072) ~[thymeleaf-3.0.15.RELEASE.jar:3.0.15.RELEASE]
	at org.thymeleaf.spring5.view.ThymeleafView.renderFragment(ThymeleafView.java:366) ~[thymeleaf-spring5-3.0.15.RELEASE.jar:3.0.15.RELEASE]
	at org.thymeleaf.spring5.view.ThymeleafView.render(ThymeleafView.java:190) ~[thymeleaf-spring5-3.0.15.RELEASE.jar:3.0.15.RELEASE]
	at org.springframework.web.servlet.DispatcherServlet.render(DispatcherServlet.java:1401) ~[spring-webmvc-5.3.18.jar:5.3.18]
	at org.springframework.web.servlet.DispatcherServlet.processDispatchResult(DispatcherServlet.java:1145) ~[spring-webmvc-5.3.18.jar:5.3.18]
	at org.springframework.web.servlet.DispatcherServlet.doDispatch(DispatcherServlet.java:1084) ~[spring-webmvc-5.3.18.jar:5.3.18]
	at org.springframework.web.servlet.DispatcherServlet.doService(DispatcherServlet.java:963) ~[spring-webmvc-5.3.18.jar:5.3.18]
	at org.springframework.web.servlet.FrameworkServlet.processRequest(FrameworkServlet.java:1006) ~[spring-webmvc-5.3.18.jar:5.3.18]
	at org.springframework.web.servlet.FrameworkServlet.doGet(FrameworkServlet.java:898) ~[spring-webmvc-5.3.18.jar:5.3.18]
	at javax.servlet.http.HttpServlet.service(HttpServlet.java:655) ~[tomcat-embed-core-9.0.60.jar:4.0.FR]
	at org.springframework.web.servlet.FrameworkServlet.service(FrameworkServlet.java:883) ~[spring-webmvc-5.3.18.jar:5.3.18]
	at javax.servlet.http.HttpServlet.service(HttpServlet.java:764) ~[tomcat-embed-core-9.0.60.jar:4.0.FR]
	at org.apache.catalina.core.ApplicationFilterChain.internalDoFilter(ApplicationFilterChain.java:227) ~[tomcat-embed-core-9.0.60.jar:9.0.60]
	at org.apache.catalina.core.ApplicationFilterChain.doFilter(ApplicationFilterChain.java:162) ~[tomcat-embed-core-9.0.60.jar:9.0.60]
	at org.apache.tomcat.websocket.server.WsFilter.doFilter(WsFilter.java:53) ~[tomcat-embed-websocket-9.0.60.jar:9.0.60]
	at org.apache.catalina.core.ApplicationFilterChain.internalDoFilter(ApplicationFilterChain.java:189) ~[tomcat-embed-core-9.0.60.jar:9.0.60]
	at org.apache.catalina.core.ApplicationFilterChain.doFilter(ApplicationFilterChain.java:162) ~[tomcat-embed-core-9.0.60.jar:9.0.60]
	at org.springframework.web.filter.RequestContextFilter.doFilterInternal(RequestContextFilter.java:100) ~[spring-web-5.3.18.jar:5.3.18]
	at org.springframework.web.filter.OncePerRequestFilter.doFilter(OncePerRequestFilter.java:117) ~[spring-web-5.3.18.jar:5.3.18]
	at org.apache.catalina.core.ApplicationFilterChain.internalDoFilter(ApplicationFilterChain.java:189) ~[tomcat-embed-core-9.0.60.jar:9.0.60]
	at org.apache.catalina.core.ApplicationFilterChain.doFilter(ApplicationFilterChain.java:162) ~[tomcat-embed-core-9.0.60.jar:9.0.60]
	at org.springframework.web.filter.FormContentFilter.doFilterInternal(FormContentFilter.java:93) ~[spring-web-5.3.18.jar:5.3.18]
	at org.springframework.web.filter.OncePerRequestFilter.doFilter(OncePerRequestFilter.java:117) ~[spring-web-5.3.18.jar:5.3.18]
	at org.apache.catalina.core.ApplicationFilterChain.internalDoFilter(ApplicationFilterChain.java:189) ~[tomcat-embed-core-9.0.60.jar:9.0.60]
	at org.apache.catalina.core.ApplicationFilterChain.doFilter(ApplicationFilterChain.java:162) ~[tomcat-embed-core-9.0.60.jar:9.0.60]
	at org.springframework.web.filter.CharacterEncodingFilter.doFilterInternal(CharacterEncodingFilter.java:201) ~[spring-web-5.3.18.jar:5.3.18]
	at org.springframework.web.filter.OncePerRequestFilter.doFilter(OncePerRequestFilter.java:117) ~[spring-web-5.3.18.jar:5.3.18]
	at org.apache.catalina.core.ApplicationFilterChain.internalDoFilter(ApplicationFilterChain.java:189) ~[tomcat-embed-core-9.0.60.jar:9.0.60]
	at org.apache.catalina.core.ApplicationFilterChain.doFilter(ApplicationFilterChain.java:162) ~[tomcat-embed-core-9.0.60.jar:9.0.60]
	at org.apache.catalina.core.StandardWrapperValve.invoke(StandardWrapperValve.java:197) ~[tomcat-embed-core-9.0.60.jar:9.0.60]
	at org.apache.catalina.core.StandardContextValve.invoke(StandardContextValve.java:97) ~[tomcat-embed-core-9.0.60.jar:9.0.60]
	at org.apache.catalina.authenticator.AuthenticatorBase.invoke(AuthenticatorBase.java:541) ~[tomcat-embed-core-9.0.60.jar:9.0.60]
	at org.apache.catalina.core.StandardHostValve.invoke(StandardHostValve.java:135) ~[tomcat-embed-core-9.0.60.jar:9.0.60]
	at org.apache.catalina.valves.ErrorReportValve.invoke(ErrorReportValve.java:92) ~[tomcat-embed-core-9.0.60.jar:9.0.60]
	at org.apache.catalina.core.StandardEngineValve.invoke(StandardEngineValve.java:78) ~[tomcat-embed-core-9.0.60.jar:9.0.60]
	at org.apache.catalina.connector.CoyoteAdapter.service(CoyoteAdapter.java:360) ~[tomcat-embed-core-9.0.60.jar:9.0.60]
	at org.apache.coyote.http11.Http11Processor.service(Http11Processor.java:399) ~[tomcat-embed-core-9.0.60.jar:9.0.60]
	at org.apache.coyote.AbstractProcessorLight.process(AbstractProcessorLight.java:65) ~[tomcat-embed-core-9.0.60.jar:9.0.60]
	at org.apache.coyote.AbstractProtocol$ConnectionHandler.process(AbstractProtocol.java:889) ~[tomcat-embed-core-9.0.60.jar:9.0.60]
	at org.apache.tomcat.util.net.NioEndpoint$SocketProcessor.doRun(NioEndpoint.java:1743) ~[tomcat-embed-core-9.0.60.jar:9.0.60]
	at org.apache.tomcat.util.net.SocketProcessorBase.run(SocketProcessorBase.java:49) ~[tomcat-embed-core-9.0.60.jar:9.0.60]
	at org.apache.tomcat.util.threads.ThreadPoolExecutor.runWorker(ThreadPoolExecutor.java:1191) ~[tomcat-embed-core-9.0.60.jar:9.0.60]
	at org.apache.tomcat.util.threads.ThreadPoolExecutor$Worker.run(ThreadPoolExecutor.java:659) ~[tomcat-embed-core-9.0.60.jar:9.0.60]
	at org.apache.tomcat.util.threads.TaskThread$WrappingRunnable.run(TaskThread.java:61) ~[tomcat-embed-core-9.0.60.jar:9.0.60]
	at java.base/java.lang.Thread.run(Thread.java:833) ~[na:na]
Caused by: org.attoparser.ParseException: Exception evaluating SpringEL expression: "books.list" (template: "index" - line 31, col 13)
	at org.attoparser.MarkupParser.parseDocument(MarkupParser.java:393) ~[attoparser-2.0.5.RELEASE.jar:2.0.5.RELEASE]
	at org.attoparser.MarkupParser.parse(MarkupParser.java:257) ~[attoparser-2.0.5.RELEASE.jar:2.0.5.RELEASE]
	at org.thymeleaf.templateparser.markup.AbstractMarkupTemplateParser.parse(AbstractMarkupTemplateParser.java:230) ~[thymeleaf-3.0.15.RELEASE.jar:3.0.15.RELEASE]
	... 48 common frames omitted
Caused by: org.thymeleaf.exceptions.TemplateProcessingException: Exception evaluating SpringEL expression: "books.list" (template: "index" - line 31, col 13)
	at org.thymeleaf.spring5.expression.SPELVariableExpressionEvaluator.evaluate(SPELVariableExpressionEvaluator.java:292) ~[thymeleaf-spring5-3.0.15.RELEASE.jar:3.0.15.RELEASE]
	at org.thymeleaf.standard.expression.VariableExpression.executeVariableExpression(VariableExpression.java:166) ~[thymeleaf-3.0.15.RELEASE.jar:3.0.15.RELEASE]
	at org.thymeleaf.standard.expression.SimpleExpression.executeSimple(SimpleExpression.java:66) ~[thymeleaf-3.0.15.RELEASE.jar:3.0.15.RELEASE]
	at org.thymeleaf.standard.expression.Expression.execute(Expression.java:109) ~[thymeleaf-3.0.15.RELEASE.jar:3.0.15.RELEASE]
	at org.thymeleaf.standard.expression.Expression.execute(Expression.java:138) ~[thymeleaf-3.0.15.RELEASE.jar:3.0.15.RELEASE]
	at org.thymeleaf.standard.expression.Expression.execute(Expression.java:125) ~[thymeleaf-3.0.15.RELEASE.jar:3.0.15.RELEASE]
	at org.thymeleaf.standard.processor.StandardEachTagProcessor.doProcess(StandardEachTagProcessor.java:73) ~[thymeleaf-3.0.15.RELEASE.jar:3.0.15.RELEASE]
	at org.thymeleaf.processor.element.AbstractAttributeTagProcessor.doProcess(AbstractAttributeTagProcessor.java:74) ~[thymeleaf-3.0.15.RELEASE.jar:3.0.15.RELEASE]
	at org.thymeleaf.processor.element.AbstractElementTagProcessor.process(AbstractElementTagProcessor.java:95) ~[thymeleaf-3.0.15.RELEASE.jar:3.0.15.RELEASE]
	at org.thymeleaf.util.ProcessorConfigurationUtils$ElementTagProcessorWrapper.process(ProcessorConfigurationUtils.java:633) ~[thymeleaf-3.0.15.RELEASE.jar:3.0.15.RELEASE]
	at org.thymeleaf.engine.ProcessorTemplateHandler.handleOpenElement(ProcessorTemplateHandler.java:1314) ~[thymeleaf-3.0.15.RELEASE.jar:3.0.15.RELEASE]
	at org.thymeleaf.engine.TemplateHandlerAdapterMarkupHandler.handleOpenElementEnd(TemplateHandlerAdapterMarkupHandler.java:304) ~[thymeleaf-3.0.15.RELEASE.jar:3.0.15.RELEASE]
	at org.thymeleaf.templateparser.markup.InlinedOutputExpressionMarkupHandler$InlineMarkupAdapterPreProcessorHandler.handleOpenElementEnd(InlinedOutputExpressionMarkupHandler.java:278) ~[thymeleaf-3.0.15.RELEASE.jar:3.0.15.RELEASE]
	at org.thymeleaf.standard.inline.OutputExpressionInlinePreProcessorHandler.handleOpenElementEnd(OutputExpressionInlinePreProcessorHandler.java:186) ~[thymeleaf-3.0.15.RELEASE.jar:3.0.15.RELEASE]
	at org.thymeleaf.templateparser.markup.InlinedOutputExpressionMarkupHandler.handleOpenElementEnd(InlinedOutputExpressionMarkupHandler.java:124) ~[thymeleaf-3.0.15.RELEASE.jar:3.0.15.RELEASE]
	at org.attoparser.HtmlElement.handleOpenElementEnd(HtmlElement.java:109) ~[attoparser-2.0.5.RELEASE.jar:2.0.5.RELEASE]
	at org.attoparser.HtmlMarkupHandler.handleOpenElementEnd(HtmlMarkupHandler.java:297) ~[attoparser-2.0.5.RELEASE.jar:2.0.5.RELEASE]
	at org.attoparser.MarkupEventProcessorHandler.handleOpenElementEnd(MarkupEventProcessorHandler.java:402) ~[attoparser-2.0.5.RELEASE.jar:2.0.5.RELEASE]
	at org.attoparser.ParsingElementMarkupUtil.parseOpenElement(ParsingElementMarkupUtil.java:159) ~[attoparser-2.0.5.RELEASE.jar:2.0.5.RELEASE]
	at org.attoparser.MarkupParser.parseBuffer(MarkupParser.java:710) ~[attoparser-2.0.5.RELEASE.jar:2.0.5.RELEASE]
	at org.attoparser.MarkupParser.parseDocument(MarkupParser.java:301) ~[attoparser-2.0.5.RELEASE.jar:2.0.5.RELEASE]
	... 50 common frames omitted
Caused by: org.springframework.expression.spel.SpelEvaluationException: EL1007E: Property or field 'list' cannot be found on null
	at org.springframework.expression.spel.ast.PropertyOrFieldReference.readProperty(PropertyOrFieldReference.java:213) ~[spring-expression-5.3.18.jar:5.3.18]
	at org.springframework.expression.spel.ast.PropertyOrFieldReference.getValueInternal(PropertyOrFieldReference.java:104) ~[spring-expression-5.3.18.jar:5.3.18]
	at org.springframework.expression.spel.ast.PropertyOrFieldReference.access$000(PropertyOrFieldReference.java:51) ~[spring-expression-5.3.18.jar:5.3.18]
	at org.springframework.expression.spel.ast.PropertyOrFieldReference$AccessorLValue.getValue(PropertyOrFieldReference.java:406) ~[spring-expression-5.3.18.jar:5.3.18]
	at org.springframework.expression.spel.ast.CompoundExpression.getValueInternal(CompoundExpression.java:92) ~[spring-expression-5.3.18.jar:5.3.18]
	at org.springframework.expression.spel.ast.SpelNodeImpl.getValue(SpelNodeImpl.java:112) ~[spring-expression-5.3.18.jar:5.3.18]
	at org.springframework.expression.spel.standard.SpelExpression.getValue(SpelExpression.java:338) ~[spring-expression-5.3.18.jar:5.3.18]
	at org.thymeleaf.spring5.expression.SPELVariableExpressionEvaluator.evaluate(SPELVariableExpressionEvaluator.java:265) ~[thymeleaf-spring5-3.0.15.RELEASE.jar:3.0.15.RELEASE]
	... 70 common frames omitted

2022-05-03 20:40:30.992 ERROR 12284 --- [http-nio-8080-exec-2] o.a.c.c.C.[.[.[/].[dispatcherServlet]    : Servlet.service() for servlet [dispatcherServlet] in context with path [] threw exception [Request processing failed; nested exception is org.thymeleaf.exceptions.TemplateInputException: An error happened during template parsing (template: "class path resource [templates/index.html]")] with root cause

org.springframework.expression.spel.SpelEvaluationException: EL1007E: Property or field 'list' cannot be found on null
	at org.springframework.expression.spel.ast.PropertyOrFieldReference.readProperty(PropertyOrFieldReference.java:213) ~[spring-expression-5.3.18.jar:5.3.18]
	at org.springframework.expression.spel.ast.PropertyOrFieldReference.getValueInternal(PropertyOrFieldReference.java:104) ~[spring-expression-5.3.18.jar:5.3.18]
	at org.springframework.expression.spel.ast.PropertyOrFieldReference.access$000(PropertyOrFieldReference.java:51) ~[spring-expression-5.3.18.jar:5.3.18]
	at org.springframework.expression.spel.ast.PropertyOrFieldReference$AccessorLValue.getValue(PropertyOrFieldReference.java:406) ~[spring-expression-5.3.18.jar:5.3.18]
	at org.springframework.expression.spel.ast.CompoundExpression.getValueInternal(CompoundExpression.java:92) ~[spring-expression-5.3.18.jar:5.3.18]
	at org.springframework.expression.spel.ast.SpelNodeImpl.getValue(SpelNodeImpl.java:112) ~[spring-expression-5.3.18.jar:5.3.18]
	at org.springframework.expression.spel.standard.SpelExpression.getValue(SpelExpression.java:338) ~[spring-expression-5.3.18.jar:5.3.18]
	at org.thymeleaf.spring5.expression.SPELVariableExpressionEvaluator.evaluate(SPELVariableExpressionEvaluator.java:265) ~[thymeleaf-spring5-3.0.15.RELEASE.jar:3.0.15.RELEASE]
	at org.thymeleaf.standard.expression.VariableExpression.executeVariableExpression(VariableExpression.java:166) ~[thymeleaf-3.0.15.RELEASE.jar:3.0.15.RELEASE]
	at org.thymeleaf.standard.expression.SimpleExpression.executeSimple(SimpleExpression.java:66) ~[thymeleaf-3.0.15.RELEASE.jar:3.0.15.RELEASE]
	at org.thymeleaf.standard.expression.Expression.execute(Expression.java:109) ~[thymeleaf-3.0.15.RELEASE.jar:3.0.15.RELEASE]
	at org.thymeleaf.standard.expression.Expression.execute(Expression.java:138) ~[thymeleaf-3.0.15.RELEASE.jar:3.0.15.RELEASE]
	at org.thymeleaf.standard.expression.Expression.execute(Expression.java:125) ~[thymeleaf-3.0.15.RELEASE.jar:3.0.15.RELEASE]
	at org.thymeleaf.standard.processor.StandardEachTagProcessor.doProcess(StandardEachTagProcessor.java:73) ~[thymeleaf-3.0.15.RELEASE.jar:3.0.15.RELEASE]
	at org.thymeleaf.processor.element.AbstractAttributeTagProcessor.doProcess(AbstractAttributeTagProcessor.java:74) ~[thymeleaf-3.0.15.RELEASE.jar:3.0.15.RELEASE]
	at org.thymeleaf.processor.element.AbstractElementTagProcessor.process(AbstractElementTagProcessor.java:95) ~[thymeleaf-3.0.15.RELEASE.jar:3.0.15.RELEASE]
	at org.thymeleaf.util.ProcessorConfigurationUtils$ElementTagProcessorWrapper.process(ProcessorConfigurationUtils.java:633) ~[thymeleaf-3.0.15.RELEASE.jar:3.0.15.RELEASE]
	at org.thymeleaf.engine.ProcessorTemplateHandler.handleOpenElement(ProcessorTemplateHandler.java:1314) ~[thymeleaf-3.0.15.RELEASE.jar:3.0.15.RELEASE]
	at org.thymeleaf.engine.TemplateHandlerAdapterMarkupHandler.handleOpenElementEnd(TemplateHandlerAdapterMarkupHandler.java:304) ~[thymeleaf-3.0.15.RELEASE.jar:3.0.15.RELEASE]
	at org.thymeleaf.templateparser.markup.InlinedOutputExpressionMarkupHandler$InlineMarkupAdapterPreProcessorHandler.handleOpenElementEnd(InlinedOutputExpressionMarkupHandler.java:278) ~[thymeleaf-3.0.15.RELEASE.jar:3.0.15.RELEASE]
	at org.thymeleaf.standard.inline.OutputExpressionInlinePreProcessorHandler.handleOpenElementEnd(OutputExpressionInlinePreProcessorHandler.java:186) ~[thymeleaf-3.0.15.RELEASE.jar:3.0.15.RELEASE]
	at org.thymeleaf.templateparser.markup.InlinedOutputExpressionMarkupHandler.handleOpenElementEnd(InlinedOutputExpressionMarkupHandler.java:124) ~[thymeleaf-3.0.15.RELEASE.jar:3.0.15.RELEASE]
	at org.attoparser.HtmlElement.handleOpenElementEnd(HtmlElement.java:109) ~[attoparser-2.0.5.RELEASE.jar:2.0.5.RELEASE]
	at org.attoparser.HtmlMarkupHandler.handleOpenElementEnd(HtmlMarkupHandler.java:297) ~[attoparser-2.0.5.RELEASE.jar:2.0.5.RELEASE]
	at org.attoparser.MarkupEventProcessorHandler.handleOpenElementEnd(MarkupEventProcessorHandler.java:402) ~[attoparser-2.0.5.RELEASE.jar:2.0.5.RELEASE]
	at org.attoparser.ParsingElementMarkupUtil.parseOpenElement(ParsingElementMarkupUtil.java:159) ~[attoparser-2.0.5.RELEASE.jar:2.0.5.RELEASE]
	at org.attoparser.MarkupParser.parseBuffer(MarkupParser.java:710) ~[attoparser-2.0.5.RELEASE.jar:2.0.5.RELEASE]
	at org.attoparser.MarkupParser.parseDocument(MarkupParser.java:301) ~[attoparser-2.0.5.RELEASE.jar:2.0.5.RELEASE]
	at org.attoparser.MarkupParser.parse(MarkupParser.java:257) ~[attoparser-2.0.5.RELEASE.jar:2.0.5.RELEASE]
	at org.thymeleaf.templateparser.markup.AbstractMarkupTemplateParser.parse(AbstractMarkupTemplateParser.java:230) ~[thymeleaf-3.0.15.RELEASE.jar:3.0.15.RELEASE]
	at org.thymeleaf.templateparser.markup.AbstractMarkupTemplateParser.parseStandalone(AbstractMarkupTemplateParser.java:100) ~[thymeleaf-3.0.15.RELEASE.jar:3.0.15.RELEASE]
	at org.thymeleaf.engine.TemplateManager.parseAndProcess(TemplateManager.java:666) ~[thymeleaf-3.0.15.RELEASE.jar:3.0.15.RELEASE]
	at org.thymeleaf.TemplateEngine.process(TemplateEngine.java:1098) ~[thymeleaf-3.0.15.RELEASE.jar:3.0.15.RELEASE]
	at org.thymeleaf.TemplateEngine.process(TemplateEngine.java:1072) ~[thymeleaf-3.0.15.RELEASE.jar:3.0.15.RELEASE]
	at org.thymeleaf.spring5.view.ThymeleafView.renderFragment(ThymeleafView.java:366) ~[thymeleaf-spring5-3.0.15.RELEASE.jar:3.0.15.RELEASE]
	at org.thymeleaf.spring5.view.ThymeleafView.render(ThymeleafView.java:190) ~[thymeleaf-spring5-3.0.15.RELEASE.jar:3.0.15.RELEASE]
	at org.springframework.web.servlet.DispatcherServlet.render(DispatcherServlet.java:1401) ~[spring-webmvc-5.3.18.jar:5.3.18]
	at org.springframework.web.servlet.DispatcherServlet.processDispatchResult(DispatcherServlet.java:1145) ~[spring-webmvc-5.3.18.jar:5.3.18]
	at org.springframework.web.servlet.DispatcherServlet.doDispatch(DispatcherServlet.java:1084) ~[spring-webmvc-5.3.18.jar:5.3.18]
	at org.springframework.web.servlet.DispatcherServlet.doService(DispatcherServlet.java:963) ~[spring-webmvc-5.3.18.jar:5.3.18]
	at org.springframework.web.servlet.FrameworkServlet.processRequest(FrameworkServlet.java:1006) ~[spring-webmvc-5.3.18.jar:5.3.18]
	at org.springframework.web.servlet.FrameworkServlet.doGet(FrameworkServlet.java:898) ~[spring-webmvc-5.3.18.jar:5.3.18]
	at javax.servlet.http.HttpServlet.service(HttpServlet.java:655) ~[tomcat-embed-core-9.0.60.jar:4.0.FR]
	at org.springframework.web.servlet.FrameworkServlet.service(FrameworkServlet.java:883) ~[spring-webmvc-5.3.18.jar:5.3.18]
	at javax.servlet.http.HttpServlet.service(HttpServlet.java:764) ~[tomcat-embed-core-9.0.60.jar:4.0.FR]
	at org.apache.catalina.core.ApplicationFilterChain.internalDoFilter(ApplicationFilterChain.java:227) ~[tomcat-embed-core-9.0.60.jar:9.0.60]
	at org.apache.catalina.core.ApplicationFilterChain.doFilter(ApplicationFilterChain.java:162) ~[tomcat-embed-core-9.0.60.jar:9.0.60]
	at org.apache.tomcat.websocket.server.WsFilter.doFilter(WsFilter.java:53) ~[tomcat-embed-websocket-9.0.60.jar:9.0.60]
	at org.apache.catalina.core.ApplicationFilterChain.internalDoFilter(ApplicationFilterChain.java:189) ~[tomcat-embed-core-9.0.60.jar:9.0.60]
	at org.apache.catalina.core.ApplicationFilterChain.doFilter(ApplicationFilterChain.java:162) ~[tomcat-embed-core-9.0.60.jar:9.0.60]
	at org.springframework.web.filter.RequestContextFilter.doFilterInternal(RequestContextFilter.java:100) ~[spring-web-5.3.18.jar:5.3.18]
	at org.springframework.web.filter.OncePerRequestFilter.doFilter(OncePerRequestFilter.java:117) ~[spring-web-5.3.18.jar:5.3.18]
	at org.apache.catalina.core.ApplicationFilterChain.internalDoFilter(ApplicationFilterChain.java:189) ~[tomcat-embed-core-9.0.60.jar:9.0.60]
	at org.apache.catalina.core.ApplicationFilterChain.doFilter(ApplicationFilterChain.java:162) ~[tomcat-embed-core-9.0.60.jar:9.0.60]
	at org.springframework.web.filter.FormContentFilter.doFilterInternal(FormContentFilter.java:93) ~[spring-web-5.3.18.jar:5.3.18]
	at org.springframework.web.filter.OncePerRequestFilter.doFilter(OncePerRequestFilter.java:117) ~[spring-web-5.3.18.jar:5.3.18]
	at org.apache.catalina.core.ApplicationFilterChain.internalDoFilter(ApplicationFilterChain.java:189) ~[tomcat-embed-core-9.0.60.jar:9.0.60]
	at org.apache.catalina.core.ApplicationFilterChain.doFilter(ApplicationFilterChain.java:162) ~[tomcat-embed-core-9.0.60.jar:9.0.60]
	at org.springframework.web.filter.CharacterEncodingFilter.doFilterInternal(CharacterEncodingFilter.java:201) ~[spring-web-5.3.18.jar:5.3.18]
	at org.springframework.web.filter.OncePerRequestFilter.doFilter(OncePerRequestFilter.java:117) ~[spring-web-5.3.18.jar:5.3.18]
	at org.apache.catalina.core.ApplicationFilterChain.internalDoFilter(ApplicationFilterChain.java:189) ~[tomcat-embed-core-9.0.60.jar:9.0.60]
	at org.apache.catalina.core.ApplicationFilterChain.doFilter(ApplicationFilterChain.java:162) ~[tomcat-embed-core-9.0.60.jar:9.0.60]
	at org.apache.catalina.core.StandardWrapperValve.invoke(StandardWrapperValve.java:197) ~[tomcat-embed-core-9.0.60.jar:9.0.60]
	at org.apache.catalina.core.StandardContextValve.invoke(StandardContextValve.java:97) ~[tomcat-embed-core-9.0.60.jar:9.0.60]
	at org.apache.catalina.authenticator.AuthenticatorBase.invoke(AuthenticatorBase.java:541) ~[tomcat-embed-core-9.0.60.jar:9.0.60]
	at org.apache.catalina.core.StandardHostValve.invoke(StandardHostValve.java:135) ~[tomcat-embed-core-9.0.60.jar:9.0.60]
	at org.apache.catalina.valves.ErrorReportValve.invoke(ErrorReportValve.java:92) ~[tomcat-embed-core-9.0.60.jar:9.0.60]
	at org.apache.catalina.core.StandardEngineValve.invoke(StandardEngineValve.java:78) ~[tomcat-embed-core-9.0.60.jar:9.0.60]
	at org.apache.catalina.connector.CoyoteAdapter.service(CoyoteAdapter.java:360) ~[tomcat-embed-core-9.0.60.jar:9.0.60]
	at org.apache.coyote.http11.Http11Processor.service(Http11Processor.java:399) ~[tomcat-embed-core-9.0.60.jar:9.0.60]
	at org.apache.coyote.AbstractProcessorLight.process(AbstractProcessorLight.java:65) ~[tomcat-embed-core-9.0.60.jar:9.0.60]
	at org.apache.coyote.AbstractProtocol$ConnectionHandler.process(AbstractProtocol.java:889) ~[tomcat-embed-core-9.0.60.jar:9.0.60]
	at org.apache.tomcat.util.net.NioEndpoint$SocketProcessor.doRun(NioEndpoint.java:1743) ~[tomcat-embed-core-9.0.60.jar:9.0.60]
	at org.apache.tomcat.util.net.SocketProcessorBase.run(SocketProcessorBase.java:49) ~[tomcat-embed-core-9.0.60.jar:9.0.60]
	at org.apache.tomcat.util.threads.ThreadPoolExecutor.runWorker(ThreadPoolExecutor.java:1191) ~[tomcat-embed-core-9.0.60.jar:9.0.60]
	at org.apache.tomcat.util.threads.ThreadPoolExecutor$Worker.run(ThreadPoolExecutor.java:659) ~[tomcat-embed-core-9.0.60.jar:9.0.60]
	at org.apache.tomcat.util.threads.TaskThread$WrappingRunnable.run(TaskThread.java:61) ~[tomcat-embed-core-9.0.60.jar:9.0.60]
	at java.base/java.lang.Thread.run(Thread.java:833) ~[na:na]

2022-05-03 20:40:34.421 DEBUG 12284 --- [http-nio-8080-exec-3] com.bookList.dao.BookDao.updateBook      : ==>  Preparing: update book.book set author=?,description=?, name=?, status=? where id=?
2022-05-03 20:40:34.422 DEBUG 12284 --- [http-nio-8080-exec-3] com.bookList.dao.BookDao.updateBook      : ==> Parameters: 詹姆斯‧克利爾(String), 每天都進步1%，一年後，你會進步37倍； 　　每天都退步1%，一年後，你會弱化到趨近於0！ 　　你的一點小改變、一個好習慣，將會產生複利效應， 　　如滾雪球般，為你帶來豐碩的人生成果！(String), 原子習慣：細微改變帶來巨大成就的實證法則(String), 1(Integer), 1(Integer)
2022-05-03 20:40:34.428 DEBUG 12284 --- [http-nio-8080-exec-3] com.bookList.dao.BookDao.updateBook      : <==    Updates: 1
2022-05-03 20:40:34.439 DEBUG 12284 --- [http-nio-8080-exec-4] c.b.dao.BookDao.listBookByName_COUNT     : ==>  Preparing: SELECT count(0) FROM book.book
2022-05-03 20:40:34.441 DEBUG 12284 --- [http-nio-8080-exec-4] c.b.dao.BookDao.listBookByName_COUNT     : ==> Parameters: 
2022-05-03 20:40:34.447 DEBUG 12284 --- [http-nio-8080-exec-4] c.b.dao.BookDao.listBookByName_COUNT     : <==      Total: 1
2022-05-03 20:40:34.447 DEBUG 12284 --- [http-nio-8080-exec-4] com.bookList.dao.BookDao.listBookByName  : ==>  Preparing: select * from book.book LIMIT ?
2022-05-03 20:40:34.447 DEBUG 12284 --- [http-nio-8080-exec-4] com.bookList.dao.BookDao.listBookByName  : ==> Parameters: 10(Integer)
2022-05-03 20:40:34.453 DEBUG 12284 --- [http-nio-8080-exec-4] com.bookList.dao.BookDao.listBookByName  : <==      Total: 10
2022-05-03 20:41:27.972  INFO 12284 --- [SpringApplicationShutdownHook] com.zaxxer.hikari.HikariDataSource       : HikariPool-1 - Shutdown initiated...
2022-05-03 20:41:28.002  INFO 12284 --- [SpringApplicationShutdownHook] com.zaxxer.hikari.HikariDataSource       : HikariPool-1 - Shutdown completed.
2022-05-03 20:43:12.813  INFO 17060 --- [restartedMain] com.bookList.BookListApplication         : Starting BookListApplication using Java 17.0.2 on MSI with PID 17060 (D:\java code\booklist\target\classes started by user in D:\java code\booklist)
2022-05-03 20:43:12.815 DEBUG 17060 --- [restartedMain] com.bookList.BookListApplication         : Running with Spring Boot v2.6.6, Spring v5.3.18
2022-05-03 20:43:12.817  INFO 17060 --- [restartedMain] com.bookList.BookListApplication         : No active profile set, falling back to 1 default profile: "default"
2022-05-03 20:43:12.940  INFO 17060 --- [restartedMain] .e.DevToolsPropertyDefaultsPostProcessor : Devtools property defaults active! Set 'spring.devtools.add-properties' to 'false' to disable
2022-05-03 20:43:12.944  INFO 17060 --- [restartedMain] .e.DevToolsPropertyDefaultsPostProcessor : For additional web related logging consider setting the 'logging.level.web' property to 'DEBUG'
2022-05-03 20:43:14.777  INFO 17060 --- [restartedMain] o.s.b.w.embedded.tomcat.TomcatWebServer  : Tomcat initialized with port(s): 8080 (http)
2022-05-03 20:43:14.777  INFO 17060 --- [restartedMain] o.a.catalina.core.AprLifecycleListener   : Loaded Apache Tomcat Native library [1.2.31] using APR version [1.7.0].
2022-05-03 20:43:14.777  INFO 17060 --- [restartedMain] o.a.catalina.core.AprLifecycleListener   : APR capabilities: IPv6 [true], sendfile [true], accept filters [false], random [true], UDS [true].
2022-05-03 20:43:14.777  INFO 17060 --- [restartedMain] o.a.catalina.core.AprLifecycleListener   : APR/OpenSSL configuration: useAprConnector [false], useOpenSSL [true]
2022-05-03 20:43:14.782  INFO 17060 --- [restartedMain] o.a.catalina.core.AprLifecycleListener   : OpenSSL successfully initialized [OpenSSL 1.1.1l  24 Aug 2021]
2022-05-03 20:43:14.792  INFO 17060 --- [restartedMain] o.apache.catalina.core.StandardService   : Starting service [Tomcat]
2022-05-03 20:43:14.792  INFO 17060 --- [restartedMain] org.apache.catalina.core.StandardEngine  : Starting Servlet engine: [Apache Tomcat/9.0.60]
2022-05-03 20:43:14.892  INFO 17060 --- [restartedMain] o.a.c.c.C.[Tomcat].[localhost].[/]       : Initializing Spring embedded WebApplicationContext
2022-05-03 20:43:14.892  INFO 17060 --- [restartedMain] w.s.c.ServletWebServerApplicationContext : Root WebApplicationContext: initialization completed in 1946 ms
2022-05-03 20:43:15.652  INFO 17060 --- [restartedMain] o.s.b.a.w.s.WelcomePageHandlerMapping    : Adding welcome page template: index
2022-05-03 20:43:15.936  INFO 17060 --- [restartedMain] o.s.b.d.a.OptionalLiveReloadServer       : LiveReload server is running on port 35729
2022-05-03 20:43:15.995  INFO 17060 --- [restartedMain] o.s.b.w.embedded.tomcat.TomcatWebServer  : Tomcat started on port(s): 8080 (http) with context path ''
2022-05-03 20:43:16.011  INFO 17060 --- [restartedMain] com.bookList.BookListApplication         : Started BookListApplication in 3.904 seconds (JVM running for 4.809)
2022-05-03 20:45:43.428  INFO 17060 --- [http-nio-8080-exec-1] o.a.c.c.C.[Tomcat].[localhost].[/]       : Initializing Spring DispatcherServlet 'dispatcherServlet'
2022-05-03 20:45:43.429  INFO 17060 --- [http-nio-8080-exec-1] o.s.web.servlet.DispatcherServlet        : Initializing Servlet 'dispatcherServlet'
2022-05-03 20:45:43.430  INFO 17060 --- [http-nio-8080-exec-1] o.s.web.servlet.DispatcherServlet        : Completed initialization in 1 ms
2022-05-03 20:45:47.808  INFO 17060 --- [http-nio-8080-exec-2] com.zaxxer.hikari.HikariDataSource       : HikariPool-1 - Starting...
2022-05-03 20:45:48.298  INFO 17060 --- [http-nio-8080-exec-2] com.zaxxer.hikari.HikariDataSource       : HikariPool-1 - Start completed.
2022-05-03 20:45:48.314 DEBUG 17060 --- [http-nio-8080-exec-2] c.b.dao.BookDao.listBookByName_COUNT     : ==>  Preparing: SELECT count(0) FROM book.book
2022-05-03 20:45:48.397 DEBUG 17060 --- [http-nio-8080-exec-2] c.b.dao.BookDao.listBookByName_COUNT     : ==> Parameters: 
2022-05-03 20:45:48.483 DEBUG 17060 --- [http-nio-8080-exec-2] c.b.dao.BookDao.listBookByName_COUNT     : <==      Total: 1
2022-05-03 20:45:48.493 DEBUG 17060 --- [http-nio-8080-exec-2] com.bookList.dao.BookDao.listBookByName  : ==>  Preparing: select * from book.book LIMIT ?, ?
2022-05-03 20:45:48.494 DEBUG 17060 --- [http-nio-8080-exec-2] com.bookList.dao.BookDao.listBookByName  : ==> Parameters: 10(Long), 10(Integer)
2022-05-03 20:45:48.500 DEBUG 17060 --- [http-nio-8080-exec-2] com.bookList.dao.BookDao.listBookByName  : <==      Total: 8
2022-05-03 20:48:18.411 DEBUG 17060 --- [http-nio-8080-exec-6] com.bookList.dao.BookDao.addBook         : ==>  Preparing: insert into book.book(author,description,name,status) values(?,?,?,?)
2022-05-03 20:48:18.413 DEBUG 17060 --- [http-nio-8080-exec-6] com.bookList.dao.BookDao.addBook         : ==> Parameters:  瑞‧達利歐(String), 　幾年前，橋水基金創辦人達利歐發現一生未曾發生過，但歷史上曾多次發生的重大發展正開始醞釀，包括三大週期循環進入緊張狀態：1）長期債務與資本市場週期：鉅額債務與零利率促使世界三大準備通貨國大量印製鈔票；2）內部有序與混亂週期：各國的財富、政治與價值觀鴻溝擴大到百年來最嚴重狀態，並導致各國國內大規模政治與社會衝突，尤其美國；3）外部有序與混亂週期；以及世界新強權（中國）的崛起對當前世界強權（美國）與現有世界秩序所造成的挑戰等。在歷史上，前一次的類似情境是在1930年至1945年期間（即二次大戰前）發生。這個相似性促使達利歐開始深入研究歷史上的類似時期，以理解那幾年所發生的一切，揣摩未來幾年的可能發展，進而為迎面而來的各種狀況預作準備。(String), 變化中的世界秩序：橋水基金應對國家興衰的原則(String), 1(Integer)
2022-05-03 20:48:18.853 ERROR 17060 --- [http-nio-8080-exec-6] o.a.c.c.C.[.[.[/].[dispatcherServlet]    : Servlet.service() for servlet [dispatcherServlet] in context with path [] threw exception [Request processing failed; nested exception is org.springframework.dao.DataIntegrityViolationException: 
### Error updating database.  Cause: com.mysql.cj.jdbc.exceptions.MysqlDataTruncation: Data truncation: Data too long for column 'description' at row 1
### The error may exist in file [D:\java code\booklist\target\classes\mybatis\BookMapper.xml]
### The error may involve com.bookList.dao.BookDao.addBook-Inline
### The error occurred while setting parameters
### SQL: insert into book.book(author,description,name,status)         values(?,?,?,?)
### Cause: com.mysql.cj.jdbc.exceptions.MysqlDataTruncation: Data truncation: Data too long for column 'description' at row 1
; Data truncation: Data too long for column 'description' at row 1; nested exception is com.mysql.cj.jdbc.exceptions.MysqlDataTruncation: Data truncation: Data too long for column 'description' at row 1] with root cause

com.mysql.cj.jdbc.exceptions.MysqlDataTruncation: Data truncation: Data too long for column 'description' at row 1
	at com.mysql.cj.jdbc.exceptions.SQLExceptionsMapping.translateException(SQLExceptionsMapping.java:104) ~[mysql-connector-java-8.0.28.jar:8.0.28]
	at com.mysql.cj.jdbc.ClientPreparedStatement.executeInternal(ClientPreparedStatement.java:953) ~[mysql-connector-java-8.0.28.jar:8.0.28]
	at com.mysql.cj.jdbc.ClientPreparedStatement.execute(ClientPreparedStatement.java:371) ~[mysql-connector-java-8.0.28.jar:8.0.28]
	at com.zaxxer.hikari.pool.ProxyPreparedStatement.execute(ProxyPreparedStatement.java:44) ~[HikariCP-4.0.3.jar:na]
	at com.zaxxer.hikari.pool.HikariProxyPreparedStatement.execute(HikariProxyPreparedStatement.java) ~[HikariCP-4.0.3.jar:na]
	at java.base/jdk.internal.reflect.NativeMethodAccessorImpl.invoke0(Native Method) ~[na:na]
	at java.base/jdk.internal.reflect.NativeMethodAccessorImpl.invoke(NativeMethodAccessorImpl.java:77) ~[na:na]
	at java.base/jdk.internal.reflect.DelegatingMethodAccessorImpl.invoke(DelegatingMethodAccessorImpl.java:43) ~[na:na]
	at java.base/java.lang.reflect.Method.invoke(Method.java:568) ~[na:na]
	at org.apache.ibatis.logging.jdbc.PreparedStatementLogger.invoke(PreparedStatementLogger.java:59) ~[mybatis-3.5.9.jar:3.5.9]
	at jdk.proxy4/jdk.proxy4.$Proxy75.execute(Unknown Source) ~[na:na]
	at org.apache.ibatis.executor.statement.PreparedStatementHandler.update(PreparedStatementHandler.java:47) ~[mybatis-3.5.9.jar:3.5.9]
	at org.apache.ibatis.executor.statement.RoutingStatementHandler.update(RoutingStatementHandler.java:74) ~[mybatis-3.5.9.jar:3.5.9]
	at org.apache.ibatis.executor.SimpleExecutor.doUpdate(SimpleExecutor.java:50) ~[mybatis-3.5.9.jar:3.5.9]
	at org.apache.ibatis.executor.BaseExecutor.update(BaseExecutor.java:117) ~[mybatis-3.5.9.jar:3.5.9]
	at org.apache.ibatis.executor.CachingExecutor.update(CachingExecutor.java:76) ~[mybatis-3.5.9.jar:3.5.9]
	at java.base/jdk.internal.reflect.NativeMethodAccessorImpl.invoke0(Native Method) ~[na:na]
	at java.base/jdk.internal.reflect.NativeMethodAccessorImpl.invoke(NativeMethodAccessorImpl.java:77) ~[na:na]
	at java.base/jdk.internal.reflect.DelegatingMethodAccessorImpl.invoke(DelegatingMethodAccessorImpl.java:43) ~[na:na]
	at java.base/java.lang.reflect.Method.invoke(Method.java:568) ~[na:na]
	at org.apache.ibatis.plugin.Plugin.invoke(Plugin.java:64) ~[mybatis-3.5.9.jar:3.5.9]
	at jdk.proxy2/jdk.proxy2.$Proxy73.update(Unknown Source) ~[na:na]
	at org.apache.ibatis.session.defaults.DefaultSqlSession.update(DefaultSqlSession.java:194) ~[mybatis-3.5.9.jar:3.5.9]
	at org.apache.ibatis.session.defaults.DefaultSqlSession.insert(DefaultSqlSession.java:181) ~[mybatis-3.5.9.jar:3.5.9]
	at java.base/jdk.internal.reflect.NativeMethodAccessorImpl.invoke0(Native Method) ~[na:na]
	at java.base/jdk.internal.reflect.NativeMethodAccessorImpl.invoke(NativeMethodAccessorImpl.java:77) ~[na:na]
	at java.base/jdk.internal.reflect.DelegatingMethodAccessorImpl.invoke(DelegatingMethodAccessorImpl.java:43) ~[na:na]
	at java.base/java.lang.reflect.Method.invoke(Method.java:568) ~[na:na]
	at org.mybatis.spring.SqlSessionTemplate$SqlSessionInterceptor.invoke(SqlSessionTemplate.java:427) ~[mybatis-spring-2.0.7.jar:2.0.7]
	at jdk.proxy2/jdk.proxy2.$Proxy61.insert(Unknown Source) ~[na:na]
	at org.mybatis.spring.SqlSessionTemplate.insert(SqlSessionTemplate.java:272) ~[mybatis-spring-2.0.7.jar:2.0.7]
	at org.apache.ibatis.binding.MapperMethod.execute(MapperMethod.java:62) ~[mybatis-3.5.9.jar:3.5.9]
	at org.apache.ibatis.binding.MapperProxy$PlainMethodInvoker.invoke(MapperProxy.java:145) ~[mybatis-3.5.9.jar:3.5.9]
	at org.apache.ibatis.binding.MapperProxy.invoke(MapperProxy.java:86) ~[mybatis-3.5.9.jar:3.5.9]
	at jdk.proxy3/jdk.proxy3.$Proxy62.addBook(Unknown Source) ~[na:na]
	at java.base/jdk.internal.reflect.NativeMethodAccessorImpl.invoke0(Native Method) ~[na:na]
	at java.base/jdk.internal.reflect.NativeMethodAccessorImpl.invoke(NativeMethodAccessorImpl.java:77) ~[na:na]
	at java.base/jdk.internal.reflect.DelegatingMethodAccessorImpl.invoke(DelegatingMethodAccessorImpl.java:43) ~[na:na]
	at java.base/java.lang.reflect.Method.invoke(Method.java:568) ~[na:na]
	at org.springframework.aop.support.AopUtils.invokeJoinpointUsingReflection(AopUtils.java:344) ~[spring-aop-5.3.18.jar:5.3.18]
	at org.springframework.aop.framework.ReflectiveMethodInvocation.invokeJoinpoint(ReflectiveMethodInvocation.java:198) ~[spring-aop-5.3.18.jar:5.3.18]
	at org.springframework.aop.framework.ReflectiveMethodInvocation.proceed(ReflectiveMethodInvocation.java:163) ~[spring-aop-5.3.18.jar:5.3.18]
	at org.springframework.dao.support.PersistenceExceptionTranslationInterceptor.invoke(PersistenceExceptionTranslationInterceptor.java:137) ~[spring-tx-5.3.18.jar:5.3.18]
	at org.springframework.aop.framework.ReflectiveMethodInvocation.proceed(ReflectiveMethodInvocation.java:186) ~[spring-aop-5.3.18.jar:5.3.18]
	at org.springframework.transaction.interceptor.TransactionInterceptor$1.proceedWithInvocation(TransactionInterceptor.java:123) ~[spring-tx-5.3.18.jar:5.3.18]
	at org.springframework.transaction.interceptor.TransactionAspectSupport.invokeWithinTransaction(TransactionAspectSupport.java:388) ~[spring-tx-5.3.18.jar:5.3.18]
	at org.springframework.transaction.interceptor.TransactionInterceptor.invoke(TransactionInterceptor.java:119) ~[spring-tx-5.3.18.jar:5.3.18]
	at org.springframework.aop.framework.ReflectiveMethodInvocation.proceed(ReflectiveMethodInvocation.java:186) ~[spring-aop-5.3.18.jar:5.3.18]
	at org.springframework.aop.framework.JdkDynamicAopProxy.invoke(JdkDynamicAopProxy.java:215) ~[spring-aop-5.3.18.jar:5.3.18]
	at jdk.proxy3/jdk.proxy3.$Proxy63.addBook(Unknown Source) ~[na:na]
	at com.bookList.service.BookServiceImpl.addBook(BookServiceImpl.java:37) ~[classes/:na]
	at com.bookList.controller.BookController.addBook(BookController.java:62) ~[classes/:na]
	at java.base/jdk.internal.reflect.NativeMethodAccessorImpl.invoke0(Native Method) ~[na:na]
	at java.base/jdk.internal.reflect.NativeMethodAccessorImpl.invoke(NativeMethodAccessorImpl.java:77) ~[na:na]
	at java.base/jdk.internal.reflect.DelegatingMethodAccessorImpl.invoke(DelegatingMethodAccessorImpl.java:43) ~[na:na]
	at java.base/java.lang.reflect.Method.invoke(Method.java:568) ~[na:na]
	at org.springframework.web.method.support.InvocableHandlerMethod.doInvoke(InvocableHandlerMethod.java:205) ~[spring-web-5.3.18.jar:5.3.18]
	at org.springframework.web.method.support.InvocableHandlerMethod.invokeForRequest(InvocableHandlerMethod.java:150) ~[spring-web-5.3.18.jar:5.3.18]
	at org.springframework.web.servlet.mvc.method.annotation.ServletInvocableHandlerMethod.invokeAndHandle(ServletInvocableHandlerMethod.java:117) ~[spring-webmvc-5.3.18.jar:5.3.18]
	at org.springframework.web.servlet.mvc.method.annotation.RequestMappingHandlerAdapter.invokeHandlerMethod(RequestMappingHandlerAdapter.java:895) ~[spring-webmvc-5.3.18.jar:5.3.18]
	at org.springframework.web.servlet.mvc.method.annotation.RequestMappingHandlerAdapter.handleInternal(RequestMappingHandlerAdapter.java:808) ~[spring-webmvc-5.3.18.jar:5.3.18]
	at org.springframework.web.servlet.mvc.method.AbstractHandlerMethodAdapter.handle(AbstractHandlerMethodAdapter.java:87) ~[spring-webmvc-5.3.18.jar:5.3.18]
	at org.springframework.web.servlet.DispatcherServlet.doDispatch(DispatcherServlet.java:1067) ~[spring-webmvc-5.3.18.jar:5.3.18]
	at org.springframework.web.servlet.DispatcherServlet.doService(DispatcherServlet.java:963) ~[spring-webmvc-5.3.18.jar:5.3.18]
	at org.springframework.web.servlet.FrameworkServlet.processRequest(FrameworkServlet.java:1006) ~[spring-webmvc-5.3.18.jar:5.3.18]
	at org.springframework.web.servlet.FrameworkServlet.doPost(FrameworkServlet.java:909) ~[spring-webmvc-5.3.18.jar:5.3.18]
	at javax.servlet.http.HttpServlet.service(HttpServlet.java:681) ~[tomcat-embed-core-9.0.60.jar:4.0.FR]
	at org.springframework.web.servlet.FrameworkServlet.service(FrameworkServlet.java:883) ~[spring-webmvc-5.3.18.jar:5.3.18]
	at javax.servlet.http.HttpServlet.service(HttpServlet.java:764) ~[tomcat-embed-core-9.0.60.jar:4.0.FR]
	at org.apache.catalina.core.ApplicationFilterChain.internalDoFilter(ApplicationFilterChain.java:227) ~[tomcat-embed-core-9.0.60.jar:9.0.60]
	at org.apache.catalina.core.ApplicationFilterChain.doFilter(ApplicationFilterChain.java:162) ~[tomcat-embed-core-9.0.60.jar:9.0.60]
	at org.apache.tomcat.websocket.server.WsFilter.doFilter(WsFilter.java:53) ~[tomcat-embed-websocket-9.0.60.jar:9.0.60]
	at org.apache.catalina.core.ApplicationFilterChain.internalDoFilter(ApplicationFilterChain.java:189) ~[tomcat-embed-core-9.0.60.jar:9.0.60]
	at org.apache.catalina.core.ApplicationFilterChain.doFilter(ApplicationFilterChain.java:162) ~[tomcat-embed-core-9.0.60.jar:9.0.60]
	at org.springframework.web.filter.RequestContextFilter.doFilterInternal(RequestContextFilter.java:100) ~[spring-web-5.3.18.jar:5.3.18]
	at org.springframework.web.filter.OncePerRequestFilter.doFilter(OncePerRequestFilter.java:117) ~[spring-web-5.3.18.jar:5.3.18]
	at org.apache.catalina.core.ApplicationFilterChain.internalDoFilter(ApplicationFilterChain.java:189) ~[tomcat-embed-core-9.0.60.jar:9.0.60]
	at org.apache.catalina.core.ApplicationFilterChain.doFilter(ApplicationFilterChain.java:162) ~[tomcat-embed-core-9.0.60.jar:9.0.60]
	at org.springframework.web.filter.FormContentFilter.doFilterInternal(FormContentFilter.java:93) ~[spring-web-5.3.18.jar:5.3.18]
	at org.springframework.web.filter.OncePerRequestFilter.doFilter(OncePerRequestFilter.java:117) ~[spring-web-5.3.18.jar:5.3.18]
	at org.apache.catalina.core.ApplicationFilterChain.internalDoFilter(ApplicationFilterChain.java:189) ~[tomcat-embed-core-9.0.60.jar:9.0.60]
	at org.apache.catalina.core.ApplicationFilterChain.doFilter(ApplicationFilterChain.java:162) ~[tomcat-embed-core-9.0.60.jar:9.0.60]
	at org.springframework.web.filter.CharacterEncodingFilter.doFilterInternal(CharacterEncodingFilter.java:201) ~[spring-web-5.3.18.jar:5.3.18]
	at org.springframework.web.filter.OncePerRequestFilter.doFilter(OncePerRequestFilter.java:117) ~[spring-web-5.3.18.jar:5.3.18]
	at org.apache.catalina.core.ApplicationFilterChain.internalDoFilter(ApplicationFilterChain.java:189) ~[tomcat-embed-core-9.0.60.jar:9.0.60]
	at org.apache.catalina.core.ApplicationFilterChain.doFilter(ApplicationFilterChain.java:162) ~[tomcat-embed-core-9.0.60.jar:9.0.60]
	at org.apache.catalina.core.StandardWrapperValve.invoke(StandardWrapperValve.java:197) ~[tomcat-embed-core-9.0.60.jar:9.0.60]
	at org.apache.catalina.core.StandardContextValve.invoke(StandardContextValve.java:97) ~[tomcat-embed-core-9.0.60.jar:9.0.60]
	at org.apache.catalina.authenticator.AuthenticatorBase.invoke(AuthenticatorBase.java:541) ~[tomcat-embed-core-9.0.60.jar:9.0.60]
	at org.apache.catalina.core.StandardHostValve.invoke(StandardHostValve.java:135) ~[tomcat-embed-core-9.0.60.jar:9.0.60]
	at org.apache.catalina.valves.ErrorReportValve.invoke(ErrorReportValve.java:92) ~[tomcat-embed-core-9.0.60.jar:9.0.60]
	at org.apache.catalina.core.StandardEngineValve.invoke(StandardEngineValve.java:78) ~[tomcat-embed-core-9.0.60.jar:9.0.60]
	at org.apache.catalina.connector.CoyoteAdapter.service(CoyoteAdapter.java:360) ~[tomcat-embed-core-9.0.60.jar:9.0.60]
	at org.apache.coyote.http11.Http11Processor.service(Http11Processor.java:399) ~[tomcat-embed-core-9.0.60.jar:9.0.60]
	at org.apache.coyote.AbstractProcessorLight.process(AbstractProcessorLight.java:65) ~[tomcat-embed-core-9.0.60.jar:9.0.60]
	at org.apache.coyote.AbstractProtocol$ConnectionHandler.process(AbstractProtocol.java:889) ~[tomcat-embed-core-9.0.60.jar:9.0.60]
	at org.apache.tomcat.util.net.NioEndpoint$SocketProcessor.doRun(NioEndpoint.java:1743) ~[tomcat-embed-core-9.0.60.jar:9.0.60]
	at org.apache.tomcat.util.net.SocketProcessorBase.run(SocketProcessorBase.java:49) ~[tomcat-embed-core-9.0.60.jar:9.0.60]
	at org.apache.tomcat.util.threads.ThreadPoolExecutor.runWorker(ThreadPoolExecutor.java:1191) ~[tomcat-embed-core-9.0.60.jar:9.0.60]
	at org.apache.tomcat.util.threads.ThreadPoolExecutor$Worker.run(ThreadPoolExecutor.java:659) ~[tomcat-embed-core-9.0.60.jar:9.0.60]
	at org.apache.tomcat.util.threads.TaskThread$WrappingRunnable.run(TaskThread.java:61) ~[tomcat-embed-core-9.0.60.jar:9.0.60]
	at java.base/java.lang.Thread.run(Thread.java:833) ~[na:na]

2022-05-03 20:49:24.932 DEBUG 17060 --- [http-nio-8080-exec-8] com.bookList.dao.BookDao.addBook         : ==>  Preparing: insert into book.book(author,description,name,status) values(?,?,?,?)
2022-05-03 20:49:24.935 DEBUG 17060 --- [http-nio-8080-exec-8] com.bookList.dao.BookDao.addBook         : ==> Parameters:  瑞‧達利歐(String), 幾年前，橋水基金創辦人達利歐發現一生未曾發生過，但歷史上曾多次發生的重大發展正開始醞釀，包括三大週期循環進入緊張狀態：1）長期債務與資本市場週期：鉅額債務與零利率促使世界三大準備通貨國大量印製鈔票；2）內部有序與混亂週期：各國的財富、政治與價值觀鴻溝擴大到百年來最嚴重狀態，並導致各國國內大規模政治與社會衝突，尤其美國；3）外部有序與混亂週期；以及世界新強權（中國）的崛起對當前世界強權（美國）與現有世界秩序所造成的挑戰等。(String), 變化中的世界秩序：橋水基金應對國家興衰的原則(String), 1(Integer)
2022-05-03 20:49:24.941 DEBUG 17060 --- [http-nio-8080-exec-8] com.bookList.dao.BookDao.addBook         : <==    Updates: 1
2022-05-03 20:49:24.979 DEBUG 17060 --- [http-nio-8080-exec-9] c.b.dao.BookDao.listBookByName_COUNT     : ==>  Preparing: SELECT count(0) FROM book.book
2022-05-03 20:49:24.979 DEBUG 17060 --- [http-nio-8080-exec-9] c.b.dao.BookDao.listBookByName_COUNT     : ==> Parameters: 
2022-05-03 20:49:24.983 DEBUG 17060 --- [http-nio-8080-exec-9] c.b.dao.BookDao.listBookByName_COUNT     : <==      Total: 1
2022-05-03 20:49:24.984 DEBUG 17060 --- [http-nio-8080-exec-9] com.bookList.dao.BookDao.listBookByName  : ==>  Preparing: select * from book.book LIMIT ?
2022-05-03 20:49:24.985 DEBUG 17060 --- [http-nio-8080-exec-9] com.bookList.dao.BookDao.listBookByName  : ==> Parameters: 10(Integer)
2022-05-03 20:49:24.994 DEBUG 17060 --- [http-nio-8080-exec-9] com.bookList.dao.BookDao.listBookByName  : <==      Total: 10
2022-05-03 20:49:34.628 DEBUG 17060 --- [http-nio-8080-exec-10] c.b.dao.BookDao.listBookByName_COUNT     : ==>  Preparing: SELECT count(0) FROM book.book
2022-05-03 20:49:34.630 DEBUG 17060 --- [http-nio-8080-exec-10] c.b.dao.BookDao.listBookByName_COUNT     : ==> Parameters: 
2022-05-03 20:49:34.634 DEBUG 17060 --- [http-nio-8080-exec-10] c.b.dao.BookDao.listBookByName_COUNT     : <==      Total: 1
2022-05-03 20:49:34.635 DEBUG 17060 --- [http-nio-8080-exec-10] com.bookList.dao.BookDao.listBookByName  : ==>  Preparing: select * from book.book LIMIT ?, ?
2022-05-03 20:49:34.635 DEBUG 17060 --- [http-nio-8080-exec-10] com.bookList.dao.BookDao.listBookByName  : ==> Parameters: 10(Long), 10(Integer)
2022-05-03 20:49:34.639 DEBUG 17060 --- [http-nio-8080-exec-10] com.bookList.dao.BookDao.listBookByName  : <==      Total: 9
2022-05-03 20:49:54.444 DEBUG 17060 --- [http-nio-8080-exec-1] com.bookList.dao.BookDao.deleteBook      : ==>  Preparing: delete from book.book where id=?
2022-05-03 20:49:54.446 DEBUG 17060 --- [http-nio-8080-exec-1] com.bookList.dao.BookDao.deleteBook      : ==> Parameters: 19(Integer)
2022-05-03 20:49:54.475 DEBUG 17060 --- [http-nio-8080-exec-1] com.bookList.dao.BookDao.deleteBook      : <==    Updates: 1
2022-05-03 20:49:54.487 DEBUG 17060 --- [http-nio-8080-exec-2] c.b.dao.BookDao.listBookByName_COUNT     : ==>  Preparing: SELECT count(0) FROM book.book
2022-05-03 20:49:54.487 DEBUG 17060 --- [http-nio-8080-exec-2] c.b.dao.BookDao.listBookByName_COUNT     : ==> Parameters: 
2022-05-03 20:49:54.492 DEBUG 17060 --- [http-nio-8080-exec-2] c.b.dao.BookDao.listBookByName_COUNT     : <==      Total: 1
2022-05-03 20:49:54.493 DEBUG 17060 --- [http-nio-8080-exec-2] com.bookList.dao.BookDao.listBookByName  : ==>  Preparing: select * from book.book LIMIT ?
2022-05-03 20:49:54.493 DEBUG 17060 --- [http-nio-8080-exec-2] com.bookList.dao.BookDao.listBookByName  : ==> Parameters: 10(Integer)
2022-05-03 20:49:54.496 DEBUG 17060 --- [http-nio-8080-exec-2] com.bookList.dao.BookDao.listBookByName  : <==      Total: 10
2022-05-03 20:50:11.172  INFO 17060 --- [SpringApplicationShutdownHook] com.zaxxer.hikari.HikariDataSource       : HikariPool-1 - Shutdown initiated...
2022-05-03 20:50:11.182  INFO 17060 --- [SpringApplicationShutdownHook] com.zaxxer.hikari.HikariDataSource       : HikariPool-1 - Shutdown completed.
